# JRE version: Java(TM) SE Runtime Environment (8.0_191-b12) (build 1.8.0_191-b12)
# Java VM: Java HotSpot(TM) 64-Bit Server VM (25.191-b12 mixed mode windows-amd64 compressed oops)
Heap:
 PSYoungGen      total 220672K, used 72501K [0x00000000eb180000, 0x00000000fdf00000, 0x0000000100000000)
  eden space 206848K, 28% used [0x00000000eb180000,0x00000000eeace260,0x00000000f7b80000)
  from space 13824K, 99% used [0x00000000f7b80000,0x00000000f88ff348,0x00000000f8900000)
  to   space 17920K, 0% used [0x00000000fcd80000,0x00000000fcd80000,0x00000000fdf00000)
 ParOldGen       total 59392K, used 23762K [0x00000000c1400000, 0x00000000c4e00000, 0x00000000eb180000)
  object space 59392K, 40% used [0x00000000c1400000,0x00000000c2b34988,0x00000000c4e00000)
 Metaspace       used 55298K, capacity 57550K, committed 57688K, reserved 1099776K
  class space    used 7537K, capacity 7958K, committed 8064K, reserved 1048576K
GC Heap History (10 events):
Event: 5.697 GC heap before
{Heap before GC invocations=7 (full 1):
 PSYoungGen      total 138752K, used 5859K [0x00000000eb180000, 0x00000000f4280000, 0x0000000100000000)
  eden space 130560K, 0% used [0x00000000eb180000,0x00000000eb180000,0x00000000f3100000)
  from space 8192K, 71% used [0x00000000f3980000,0x00000000f3f38c18,0x00000000f4180000)
  to   space 8704K, 0% used [0x00000000f3100000,0x00000000f3100000,0x00000000f3980000)
 ParOldGen       total 44032K, used 9253K [0x00000000c1400000, 0x00000000c3f00000, 0x00000000eb180000)
  object space 44032K, 21% used [0x00000000c1400000,0x00000000c1d09550,0x00000000c3f00000)
 Metaspace       used 20646K, capacity 21152K, committed 21248K, reserved 1067008K
  class space    used 2644K, capacity 2804K, committed 2816K, reserved 1048576K
Event: 5.775 GC heap after
Heap after GC invocations=7 (full 1):
 PSYoungGen      total 138752K, used 0K [0x00000000eb180000, 0x00000000f4280000, 0x0000000100000000)
  eden space 130560K, 0% used [0x00000000eb180000,0x00000000eb180000,0x00000000f3100000)
  from space 8192K, 0% used [0x00000000f3980000,0x00000000f3980000,0x00000000f4180000)
  to   space 8704K, 0% used [0x00000000f3100000,0x00000000f3100000,0x00000000f3980000)
 ParOldGen       total 39936K, used 11904K [0x00000000c1400000, 0x00000000c3b00000, 0x00000000eb180000)
  object space 39936K, 29% used [0x00000000c1400000,0x00000000c1fa00b8,0x00000000c3b00000)
 Metaspace       used 20645K, capacity 21146K, committed 21248K, reserved 1067008K
  class space    used 2644K, capacity 2803K, committed 2816K, reserved 1048576K
}
Event: 8.561 GC heap before
{Heap before GC invocations=8 (full 1):
 PSYoungGen      total 138752K, used 130560K [0x00000000eb180000, 0x00000000f4280000, 0x0000000100000000)
  eden space 130560K, 100% used [0x00000000eb180000,0x00000000f3100000,0x00000000f3100000)
  from space 8192K, 0% used [0x00000000f3980000,0x00000000f3980000,0x00000000f4180000)
  to   space 8704K, 0% used [0x00000000f3100000,0x00000000f3100000,0x00000000f3980000)
 ParOldGen       total 39936K, used 11904K [0x00000000c1400000, 0x00000000c3b00000, 0x00000000eb180000)
  object space 39936K, 29% used [0x00000000c1400000,0x00000000c1fa00b8,0x00000000c3b00000)
 Metaspace       used 26423K, capacity 27378K, committed 27520K, reserved 1073152K
  class space    used 3424K, capacity 3652K, committed 3712K, reserved 1048576K
Event: 8.609 GC heap after
Heap after GC invocations=8 (full 1):
 PSYoungGen      total 139264K, used 8567K [0x00000000eb180000, 0x00000000f9500000, 0x0000000100000000)
  eden space 130560K, 0% used [0x00000000eb180000,0x00000000eb180000,0x00000000f3100000)
  from space 8704K, 98% used [0x00000000f3100000,0x00000000f395def8,0x00000000f3980000)
  to   space 10240K, 0% used [0x00000000f8b00000,0x00000000f8b00000,0x00000000f9500000)
 ParOldGen       total 39936K, used 11976K [0x00000000c1400000, 0x00000000c3b00000, 0x00000000eb180000)
  object space 39936K, 29% used [0x00000000c1400000,0x00000000c1fb20c8,0x00000000c3b00000)
 Metaspace       used 26423K, capacity 27378K, committed 27520K, reserved 1073152K
  class space    used 3424K, capacity 3652K, committed 3712K, reserved 1048576K
}
Event: 11.388 GC heap before
{Heap before GC invocations=9 (full 1):
 PSYoungGen      total 139264K, used 128560K [0x00000000eb180000, 0x00000000f9500000, 0x0000000100000000)
  eden space 130560K, 91% used [0x00000000eb180000,0x00000000f26ae428,0x00000000f3100000)
  from space 8704K, 98% used [0x00000000f3100000,0x00000000f395def8,0x00000000f3980000)
  to   space 10240K, 0% used [0x00000000f8b00000,0x00000000f8b00000,0x00000000f9500000)
 ParOldGen       total 39936K, used 11976K [0x00000000c1400000, 0x00000000c3b00000, 0x00000000eb180000)
  object space 39936K, 29% used [0x00000000c1400000,0x00000000c1fb20c8,0x00000000c3b00000)
 Metaspace       used 33816K, capacity 35306K, committed 35416K, reserved 1079296K
  class space    used 4381K, capacity 4650K, committed 4736K, reserved 1048576K
Event: 11.413 GC heap after
Heap after GC invocations=9 (full 1):
 PSYoungGen      total 217088K, used 10221K [0x00000000eb180000, 0x00000000f9680000, 0x0000000100000000)
  eden space 206848K, 0% used [0x00000000eb180000,0x00000000eb180000,0x00000000f7b80000)
  from space 10240K, 99% used [0x00000000f8b00000,0x00000000f94fb418,0x00000000f9500000)
  to   space 13824K, 0% used [0x00000000f7b80000,0x00000000f7b80000,0x00000000f8900000)
 ParOldGen       total 39936K, used 17235K [0x00000000c1400000, 0x00000000c3b00000, 0x00000000eb180000)
  object space 39936K, 43% used [0x00000000c1400000,0x00000000c24d4f40,0x00000000c3b00000)
 Metaspace       used 33816K, capacity 35306K, committed 35416K, reserved 1079296K
  class space    used 4381K, capacity 4650K, committed 4736K, reserved 1048576K
}
Event: 11.413 GC heap before
{Heap before GC invocations=10 (full 2):
 PSYoungGen      total 217088K, used 10221K [0x00000000eb180000, 0x00000000f9680000, 0x0000000100000000)
  eden space 206848K, 0% used [0x00000000eb180000,0x00000000eb180000,0x00000000f7b80000)
  from space 10240K, 99% used [0x00000000f8b00000,0x00000000f94fb418,0x00000000f9500000)
  to   space 13824K, 0% used [0x00000000f7b80000,0x00000000f7b80000,0x00000000f8900000)
 ParOldGen       total 39936K, used 17235K [0x00000000c1400000, 0x00000000c3b00000, 0x00000000eb180000)
  object space 39936K, 43% used [0x00000000c1400000,0x00000000c24d4f40,0x00000000c3b00000)
 Metaspace       used 33816K, capacity 35306K, committed 35416K, reserved 1079296K
  class space    used 4381K, capacity 4650K, committed 4736K, reserved 1048576K
Event: 11.531 GC heap after
Heap after GC invocations=10 (full 2):
 PSYoungGen      total 217088K, used 0K [0x00000000eb180000, 0x00000000f9680000, 0x0000000100000000)
  eden space 206848K, 0% used [0x00000000eb180000,0x00000000eb180000,0x00000000f7b80000)
  from space 10240K, 0% used [0x00000000f8b00000,0x00000000f8b00000,0x00000000f9500000)
  to   space 13824K, 0% used [0x00000000f7b80000,0x00000000f7b80000,0x00000000f8900000)
 ParOldGen       total 59392K, used 19479K [0x00000000c1400000, 0x00000000c4e00000, 0x00000000eb180000)
  object space 59392K, 32% used [0x00000000c1400000,0x00000000c2705dc8,0x00000000c4e00000)
 Metaspace       used 33816K, capacity 35306K, committed 35416K, reserved 1079296K
  class space    used 4381K, capacity 4650K, committed 4736K, reserved 1048576K
}
Event: 16.132 GC heap before
{Heap before GC invocations=11 (full 2):
 PSYoungGen      total 217088K, used 206848K [0x00000000eb180000, 0x00000000f9680000, 0x0000000100000000)
  eden space 206848K, 100% used [0x00000000eb180000,0x00000000f7b80000,0x00000000f7b80000)
  from space 10240K, 0% used [0x00000000f8b00000,0x00000000f8b00000,0x00000000f9500000)
  to   space 13824K, 0% used [0x00000000f7b80000,0x00000000f7b80000,0x00000000f8900000)
 ParOldGen       total 59392K, used 19479K [0x00000000c1400000, 0x00000000c4e00000, 0x00000000eb180000)
  object space 59392K, 32% used [0x00000000c1400000,0x00000000c2705dc8,0x00000000c4e00000)
 Metaspace       used 51109K, capacity 52914K, committed 53208K, reserved 1095680K
  class space    used 6947K, capacity 7326K, committed 7424K, reserved 1048576K
Event: 16.223 GC heap after
Heap after GC invocations=11 (full 2):
 PSYoungGen      total 220672K, used 13820K [0x00000000eb180000, 0x00000000fdf00000, 0x0000000100000000)
  eden space 206848K, 0% used [0x00000000eb180000,0x00000000eb180000,0x00000000f7b80000)
  from space 13824K, 99% used [0x00000000f7b80000,0x00000000f88ff348,0x00000000f8900000)
  to   space 17920K, 0% used [0x00000000fcd80000,0x00000000fcd80000,0x00000000fdf00000)
 ParOldGen       total 59392K, used 23762K [0x00000000c1400000, 0x00000000c4e00000, 0x00000000eb180000)
  object space 59392K, 40% used [0x00000000c1400000,0x00000000c2b34988,0x00000000c4e00000)
 Metaspace       used 51109K, capacity 52914K, committed 53208K, reserved 1095680K
  class space    used 6947K, capacity 7326K, committed 7424K, reserved 1048576K
}

