# JRE version: Java(TM) SE Runtime Environment (8.0_191-b12) (build 1.8.0_191-b12)
# Java VM: Java HotSpot(TM) 64-Bit Server VM (25.191-b12 mixed mode windows-amd64 compressed oops)
Heap:
 PSYoungGen      total 213504K, used 31860K [0x00000000eb180000, 0x00000000fc480000, 0x0000000100000000)
  eden space 196608K, 16% used [0x00000000eb180000,0x00000000ed09d128,0x00000000f7180000)
  from space 16896K, 0% used [0x00000000f7180000,0x00000000f7180000,0x00000000f8200000)
  to   space 15872K, 0% used [0x00000000fb500000,0x00000000fb500000,0x00000000fc480000)
 ParOldGen       total 76288K, used 22424K [0x00000000c1400000, 0x00000000c5e80000, 0x00000000eb180000)
  object space 76288K, 29% used [0x00000000c1400000,0x00000000c29e6230,0x00000000c5e80000)
 Metaspace       used 63018K, capacity 65883K, committed 66392K, reserved 1105920K
  class space    used 8489K, capacity 8988K, committed 9088K, reserved 1048576K
GC Heap History (10 events):
Event: 13.345 GC heap before
{Heap before GC invocations=13 (full 2):
 PSYoungGen      total 161280K, used 150528K [0x00000000eb180000, 0x00000000f7780000, 0x0000000100000000)
  eden space 150528K, 100% used [0x00000000eb180000,0x00000000f4480000,0x00000000f4480000)
  from space 10752K, 0% used [0x00000000f5180000,0x00000000f5180000,0x00000000f5c00000)
  to   space 13312K, 0% used [0x00000000f4480000,0x00000000f4480000,0x00000000f5180000)
 ParOldGen       total 52224K, used 17827K [0x00000000c1400000, 0x00000000c4700000, 0x00000000eb180000)
  object space 52224K, 34% used [0x00000000c1400000,0x00000000c2568da8,0x00000000c4700000)
 Metaspace       used 45922K, capacity 47658K, committed 47960K, reserved 1091584K
  class space    used 6109K, capacity 6464K, committed 6528K, reserved 1048576K
Event: 13.371 GC heap after
Heap after GC invocations=13 (full 2):
 PSYoungGen      total 163840K, used 12548K [0x00000000eb180000, 0x00000000f9100000, 0x0000000100000000)
  eden space 150528K, 0% used [0x00000000eb180000,0x00000000eb180000,0x00000000f4480000)
  from space 13312K, 94% used [0x00000000f4480000,0x00000000f50c10a0,0x00000000f5180000)
  to   space 15360K, 0% used [0x00000000f8200000,0x00000000f8200000,0x00000000f9100000)
 ParOldGen       total 52224K, used 17835K [0x00000000c1400000, 0x00000000c4700000, 0x00000000eb180000)
  object space 52224K, 34% used [0x00000000c1400000,0x00000000c256ada8,0x00000000c4700000)
 Metaspace       used 45922K, capacity 47658K, committed 47960K, reserved 1091584K
  class space    used 6109K, capacity 6464K, committed 6528K, reserved 1048576K
}
Event: 17.033 GC heap before
{Heap before GC invocations=14 (full 2):
 PSYoungGen      total 163840K, used 149080K [0x00000000eb180000, 0x00000000f9100000, 0x0000000100000000)
  eden space 150528K, 90% used [0x00000000eb180000,0x00000000f36d51d0,0x00000000f4480000)
  from space 13312K, 94% used [0x00000000f4480000,0x00000000f50c10a0,0x00000000f5180000)
  to   space 15360K, 0% used [0x00000000f8200000,0x00000000f8200000,0x00000000f9100000)
 ParOldGen       total 52224K, used 17835K [0x00000000c1400000, 0x00000000c4700000, 0x00000000eb180000)
  object space 52224K, 34% used [0x00000000c1400000,0x00000000c256ada8,0x00000000c4700000)
 Metaspace       used 56564K, capacity 59003K, committed 59028K, reserved 1099776K
  class space    used 7712K, capacity 8167K, committed 8192K, reserved 1048576K
Event: 17.170 GC heap after
Heap after GC invocations=14 (full 2):
 PSYoungGen      total 211968K, used 12899K [0x00000000eb180000, 0x00000000f9800000, 0x0000000100000000)
  eden space 196608K, 0% used [0x00000000eb180000,0x00000000eb180000,0x00000000f7180000)
  from space 15360K, 83% used [0x00000000f8200000,0x00000000f8e98dd8,0x00000000f9100000)
  to   space 16896K, 0% used [0x00000000f7180000,0x00000000f7180000,0x00000000f8200000)
 ParOldGen       total 52224K, used 20971K [0x00000000c1400000, 0x00000000c4700000, 0x00000000eb180000)
  object space 52224K, 40% used [0x00000000c1400000,0x00000000c287ac78,0x00000000c4700000)
 Metaspace       used 56564K, capacity 59003K, committed 59028K, reserved 1099776K
  class space    used 7712K, capacity 8167K, committed 8192K, reserved 1048576K
}
Event: 17.170 GC heap before
{Heap before GC invocations=15 (full 3):
 PSYoungGen      total 211968K, used 12899K [0x00000000eb180000, 0x00000000f9800000, 0x0000000100000000)
  eden space 196608K, 0% used [0x00000000eb180000,0x00000000eb180000,0x00000000f7180000)
  from space 15360K, 83% used [0x00000000f8200000,0x00000000f8e98dd8,0x00000000f9100000)
  to   space 16896K, 0% used [0x00000000f7180000,0x00000000f7180000,0x00000000f8200000)
 ParOldGen       total 52224K, used 20971K [0x00000000c1400000, 0x00000000c4700000, 0x00000000eb180000)
  object space 52224K, 40% used [0x00000000c1400000,0x00000000c287ac78,0x00000000c4700000)
 Metaspace       used 56564K, capacity 59003K, committed 59028K, reserved 1099776K
  class space    used 7712K, capacity 8167K, committed 8192K, reserved 1048576K
Event: 17.531 GC heap after
Heap after GC invocations=15 (full 3):
 PSYoungGen      total 211968K, used 0K [0x00000000eb180000, 0x00000000f9800000, 0x0000000100000000)
  eden space 196608K, 0% used [0x00000000eb180000,0x00000000eb180000,0x00000000f7180000)
  from space 15360K, 0% used [0x00000000f8200000,0x00000000f8200000,0x00000000f9100000)
  to   space 16896K, 0% used [0x00000000f7180000,0x00000000f7180000,0x00000000f8200000)
 ParOldGen       total 76288K, used 31044K [0x00000000c1400000, 0x00000000c5e80000, 0x00000000eb180000)
  object space 76288K, 40% used [0x00000000c1400000,0x00000000c3251270,0x00000000c5e80000)
 Metaspace       used 56564K, capacity 59003K, committed 59028K, reserved 1099776K
  class space    used 7712K, capacity 8167K, committed 8192K, reserved 1048576K
}
Event: 1548.083 GC heap before
{Heap before GC invocations=16 (full 3):
 PSYoungGen      total 211968K, used 179558K [0x00000000eb180000, 0x00000000f9800000, 0x0000000100000000)
  eden space 196608K, 91% used [0x00000000eb180000,0x00000000f60d99e0,0x00000000f7180000)
  from space 15360K, 0% used [0x00000000f8200000,0x00000000f8200000,0x00000000f9100000)
  to   space 16896K, 0% used [0x00000000f7180000,0x00000000f7180000,0x00000000f8200000)
 ParOldGen       total 76288K, used 31044K [0x00000000c1400000, 0x00000000c5e80000, 0x00000000eb180000)
  object space 76288K, 40% used [0x00000000c1400000,0x00000000c3251270,0x00000000c5e80000)
 Metaspace       used 63171K, capacity 66133K, committed 66392K, reserved 1105920K
  class space    used 8519K, capacity 9045K, committed 9088K, reserved 1048576K
Event: 1548.350 GC heap after
Heap after GC invocations=16 (full 3):
 PSYoungGen      total 213504K, used 6399K [0x00000000eb180000, 0x00000000fc480000, 0x0000000100000000)
  eden space 196608K, 0% used [0x00000000eb180000,0x00000000eb180000,0x00000000f7180000)
  from space 16896K, 37% used [0x00000000f7180000,0x00000000f77bfc50,0x00000000f8200000)
  to   space 15872K, 0% used [0x00000000fb500000,0x00000000fb500000,0x00000000fc480000)
 ParOldGen       total 76288K, used 31052K [0x00000000c1400000, 0x00000000c5e80000, 0x00000000eb180000)
  object space 76288K, 40% used [0x00000000c1400000,0x00000000c3253270,0x00000000c5e80000)
 Metaspace       used 63171K, capacity 66133K, committed 66392K, reserved 1105920K
  class space    used 8519K, capacity 9045K, committed 9088K, reserved 1048576K
}
Event: 1548.350 GC heap before
{Heap before GC invocations=17 (full 4):
 PSYoungGen      total 213504K, used 6399K [0x00000000eb180000, 0x00000000fc480000, 0x0000000100000000)
  eden space 196608K, 0% used [0x00000000eb180000,0x00000000eb180000,0x00000000f7180000)
  from space 16896K, 37% used [0x00000000f7180000,0x00000000f77bfc50,0x00000000f8200000)
  to   space 15872K, 0% used [0x00000000fb500000,0x00000000fb500000,0x00000000fc480000)
 ParOldGen       total 76288K, used 31052K [0x00000000c1400000, 0x00000000c5e80000, 0x00000000eb180000)
  object space 76288K, 40% used [0x00000000c1400000,0x00000000c3253270,0x00000000c5e80000)
 Metaspace       used 63171K, capacity 66133K, committed 66392K, reserved 1105920K
  class space    used 8519K, capacity 9045K, committed 9088K, reserved 1048576K
Event: 1549.798 GC heap after
Heap after GC invocations=17 (full 4):
 PSYoungGen      total 213504K, used 0K [0x00000000eb180000, 0x00000000fc480000, 0x0000000100000000)
  eden space 196608K, 0% used [0x00000000eb180000,0x00000000eb180000,0x00000000f7180000)
  from space 16896K, 0% used [0x00000000f7180000,0x00000000f7180000,0x00000000f8200000)
  to   space 15872K, 0% used [0x00000000fb500000,0x00000000fb500000,0x00000000fc480000)
 ParOldGen       total 76288K, used 22424K [0x00000000c1400000, 0x00000000c5e80000, 0x00000000eb180000)
  object space 76288K, 29% used [0x00000000c1400000,0x00000000c29e6230,0x00000000c5e80000)
 Metaspace       used 62931K, capacity 65745K, committed 66392K, reserved 1105920K
  class space    used 8480K, capacity 8975K, committed 9088K, reserved 1048576K
}

