# JRE version: Java(TM) SE Runtime Environment (8.0_191-b12) (build 1.8.0_191-b12)
# Java VM: Java HotSpot(TM) 64-Bit Server VM (25.191-b12 mixed mode windows-amd64 compressed oops)
Heap:
 PSYoungGen      total 31232K, used 18415K [0x00000000eb180000, 0x00000000ed400000, 0x0000000100000000)
  eden space 27136K, 55% used [0x00000000eb180000,0x00000000ec03b570,0x00000000ecc00000)
  from space 4096K, 81% used [0x00000000ecc00000,0x00000000ecf40770,0x00000000ed000000)
  to   space 3584K, 0% used [0x00000000ed080000,0x00000000ed080000,0x00000000ed400000)
 ParOldGen       total 22016K, used 2152K [0x00000000c1400000, 0x00000000c2980000, 0x00000000eb180000)
  object space 22016K, 9% used [0x00000000c1400000,0x00000000c161a0b8,0x00000000c2980000)
 Metaspace       used 15179K, capacity 15630K, committed 15744K, reserved 1062912K
  class space    used 1991K, capacity 2137K, committed 2176K, reserved 1048576K
GC Heap History (10 events):
Event: 1.718 GC heap before
{Heap before GC invocations=6 (full 1):
 PSYoungGen      total 18944K, used 2248K [0x00000000eb180000, 0x00000000ec680000, 0x0000000100000000)
  eden space 16384K, 0% used [0x00000000eb180000,0x00000000eb180000,0x00000000ec180000)
  from space 2560K, 87% used [0x00000000ec180000,0x00000000ec3b22b8,0x00000000ec400000)
  to   space 2560K, 0% used [0x00000000ec400000,0x00000000ec400000,0x00000000ec680000)
 ParOldGen       total 44032K, used 946K [0x00000000c1400000, 0x00000000c3f00000, 0x00000000eb180000)
  object space 44032K, 2% used [0x00000000c1400000,0x00000000c14ec8c0,0x00000000c3f00000)
 Metaspace       used 8606K, capacity 8748K, committed 8832K, reserved 1069056K
  class space    used 1026K, capacity 1105K, committed 1152K, reserved 1048576K
Event: 1.742 GC heap after
Heap after GC invocations=6 (full 1):
 PSYoungGen      total 18944K, used 0K [0x00000000eb180000, 0x00000000ec680000, 0x0000000100000000)
  eden space 16384K, 0% used [0x00000000eb180000,0x00000000eb180000,0x00000000ec180000)
  from space 2560K, 0% used [0x00000000ec180000,0x00000000ec180000,0x00000000ec400000)
  to   space 2560K, 0% used [0x00000000ec400000,0x00000000ec400000,0x00000000ec680000)
 ParOldGen       total 22016K, used 2136K [0x00000000c1400000, 0x00000000c2980000, 0x00000000eb180000)
  object space 22016K, 9% used [0x00000000c1400000,0x00000000c16160b8,0x00000000c2980000)
 Metaspace       used 8606K, capacity 8748K, committed 8832K, reserved 1058816K
  class space    used 1026K, capacity 1105K, committed 1152K, reserved 1048576K
}
Event: 1.742 GC heap before
{Heap before GC invocations=7 (full 1):
 PSYoungGen      total 18944K, used 163K [0x00000000eb180000, 0x00000000ec680000, 0x0000000100000000)
  eden space 16384K, 0% used [0x00000000eb180000,0x00000000eb1a8f58,0x00000000ec180000)
  from space 2560K, 0% used [0x00000000ec180000,0x00000000ec180000,0x00000000ec400000)
  to   space 2560K, 0% used [0x00000000ec400000,0x00000000ec400000,0x00000000ec680000)
 ParOldGen       total 22016K, used 2136K [0x00000000c1400000, 0x00000000c2980000, 0x00000000eb180000)
  object space 22016K, 9% used [0x00000000c1400000,0x00000000c16160b8,0x00000000c2980000)
 Metaspace       used 8606K, capacity 8748K, committed 8832K, reserved 1058816K
  class space    used 1026K, capacity 1105K, committed 1152K, reserved 1048576K
Event: 1.743 GC heap after
Heap after GC invocations=7 (full 1):
 PSYoungGen      total 17408K, used 64K [0x00000000eb180000, 0x00000000ed780000, 0x0000000100000000)
  eden space 14848K, 0% used [0x00000000eb180000,0x00000000eb180000,0x00000000ec000000)
  from space 2560K, 2% used [0x00000000ec400000,0x00000000ec410000,0x00000000ec680000)
  to   space 4096K, 0% used [0x00000000ec000000,0x00000000ec000000,0x00000000ec400000)
 ParOldGen       total 22016K, used 2136K [0x00000000c1400000, 0x00000000c2980000, 0x00000000eb180000)
  object space 22016K, 9% used [0x00000000c1400000,0x00000000c16160b8,0x00000000c2980000)
 Metaspace       used 8606K, capacity 8748K, committed 8832K, reserved 1058816K
  class space    used 1026K, capacity 1105K, committed 1152K, reserved 1048576K
}
Event: 1.981 GC heap before
{Heap before GC invocations=8 (full 1):
 PSYoungGen      total 17408K, used 14912K [0x00000000eb180000, 0x00000000ed780000, 0x0000000100000000)
  eden space 14848K, 100% used [0x00000000eb180000,0x00000000ec000000,0x00000000ec000000)
  from space 2560K, 2% used [0x00000000ec400000,0x00000000ec410000,0x00000000ec680000)
  to   space 4096K, 0% used [0x00000000ec000000,0x00000000ec000000,0x00000000ec400000)
 ParOldGen       total 22016K, used 2136K [0x00000000c1400000, 0x00000000c2980000, 0x00000000eb180000)
  object space 22016K, 9% used [0x00000000c1400000,0x00000000c16160b8,0x00000000c2980000)
 Metaspace       used 10813K, capacity 11034K, committed 11136K, reserved 1058816K
  class space    used 1275K, capacity 1372K, committed 1408K, reserved 1048576K
Event: 1.994 GC heap after
Heap after GC invocations=8 (full 1):
 PSYoungGen      total 18944K, used 1549K [0x00000000eb180000, 0x00000000ed480000, 0x0000000100000000)
  eden space 14848K, 0% used [0x00000000eb180000,0x00000000eb180000,0x00000000ec000000)
  from space 4096K, 37% used [0x00000000ec000000,0x00000000ec1836e0,0x00000000ec400000)
  to   space 4096K, 0% used [0x00000000ed080000,0x00000000ed080000,0x00000000ed480000)
 ParOldGen       total 22016K, used 2136K [0x00000000c1400000, 0x00000000c2980000, 0x00000000eb180000)
  object space 22016K, 9% used [0x00000000c1400000,0x00000000c16160b8,0x00000000c2980000)
 Metaspace       used 10813K, capacity 11034K, committed 11136K, reserved 1058816K
  class space    used 1275K, capacity 1372K, committed 1408K, reserved 1048576K
}
Event: 2.232 GC heap before
{Heap before GC invocations=9 (full 1):
 PSYoungGen      total 18944K, used 16397K [0x00000000eb180000, 0x00000000ed480000, 0x0000000100000000)
  eden space 14848K, 100% used [0x00000000eb180000,0x00000000ec000000,0x00000000ec000000)
  from space 4096K, 37% used [0x00000000ec000000,0x00000000ec1836e0,0x00000000ec400000)
  to   space 4096K, 0% used [0x00000000ed080000,0x00000000ed080000,0x00000000ed480000)
 ParOldGen       total 22016K, used 2136K [0x00000000c1400000, 0x00000000c2980000, 0x00000000eb180000)
  object space 22016K, 9% used [0x00000000c1400000,0x00000000c16160b8,0x00000000c2980000)
 Metaspace       used 12139K, capacity 12450K, committed 12672K, reserved 1060864K
  class space    used 1490K, capacity 1599K, committed 1664K, reserved 1048576K
Event: 2.236 GC heap after
Heap after GC invocations=9 (full 1):
 PSYoungGen      total 30720K, used 1835K [0x00000000eb180000, 0x00000000ed400000, 0x0000000100000000)
  eden space 27136K, 0% used [0x00000000eb180000,0x00000000eb180000,0x00000000ecc00000)
  from space 3584K, 51% used [0x00000000ed080000,0x00000000ed24af98,0x00000000ed400000)
  to   space 4096K, 0% used [0x00000000ecc00000,0x00000000ecc00000,0x00000000ed000000)
 ParOldGen       total 22016K, used 2144K [0x00000000c1400000, 0x00000000c2980000, 0x00000000eb180000)
  object space 22016K, 9% used [0x00000000c1400000,0x00000000c16180b8,0x00000000c2980000)
 Metaspace       used 12139K, capacity 12450K, committed 12672K, reserved 1060864K
  class space    used 1490K, capacity 1599K, committed 1664K, reserved 1048576K
}
Event: 2.509 GC heap before
{Heap before GC invocations=10 (full 1):
 PSYoungGen      total 30720K, used 28971K [0x00000000eb180000, 0x00000000ed400000, 0x0000000100000000)
  eden space 27136K, 100% used [0x00000000eb180000,0x00000000ecc00000,0x00000000ecc00000)
  from space 3584K, 51% used [0x00000000ed080000,0x00000000ed24af98,0x00000000ed400000)
  to   space 4096K, 0% used [0x00000000ecc00000,0x00000000ecc00000,0x00000000ed000000)
 ParOldGen       total 22016K, used 2144K [0x00000000c1400000, 0x00000000c2980000, 0x00000000eb180000)
  object space 22016K, 9% used [0x00000000c1400000,0x00000000c16180b8,0x00000000c2980000)
 Metaspace       used 13989K, capacity 14344K, committed 14592K, reserved 1062912K
  class space    used 1827K, capacity 1926K, committed 2048K, reserved 1048576K
Event: 2.516 GC heap after
Heap after GC invocations=10 (full 1):
 PSYoungGen      total 31232K, used 3329K [0x00000000eb180000, 0x00000000ed400000, 0x0000000100000000)
  eden space 27136K, 0% used [0x00000000eb180000,0x00000000eb180000,0x00000000ecc00000)
  from space 4096K, 81% used [0x00000000ecc00000,0x00000000ecf40770,0x00000000ed000000)
  to   space 3584K, 0% used [0x00000000ed080000,0x00000000ed080000,0x00000000ed400000)
 ParOldGen       total 22016K, used 2152K [0x00000000c1400000, 0x00000000c2980000, 0x00000000eb180000)
  object space 22016K, 9% used [0x00000000c1400000,0x00000000c161a0b8,0x00000000c2980000)
 Metaspace       used 13989K, capacity 14344K, committed 14592K, reserved 1062912K
  class space    used 1827K, capacity 1926K, committed 2048K, reserved 1048576K
}

