# JRE version: Java(TM) SE Runtime Environment (8.0_191-b12) (build 1.8.0_191-b12)
# Java VM: Java HotSpot(TM) 64-Bit Server VM (25.191-b12 mixed mode windows-amd64 compressed oops)
Heap:
 PSYoungGen      total 69632K, used 35796K [0x00000000eb180000, 0x00000000f2180000, 0x0000000100000000)
  eden space 64000K, 55% used [0x00000000eb180000,0x00000000ed475278,0x00000000ef000000)
  from space 5632K, 0% used [0x00000000ef000000,0x00000000ef000000,0x00000000ef580000)
  to   space 6144K, 0% used [0x00000000f1b80000,0x00000000f1b80000,0x00000000f2180000)
 ParOldGen       total 30208K, used 7025K [0x00000000c1400000, 0x00000000c3180000, 0x00000000eb180000)
  object space 30208K, 23% used [0x00000000c1400000,0x00000000c1adc618,0x00000000c3180000)
 Metaspace       used 23331K, capacity 23964K, committed 24240K, reserved 1071104K
  class space    used 2971K, capacity 3149K, committed 3248K, reserved 1048576K
GC Heap History (10 events):
Event: 2.553 GC heap before
{Heap before GC invocations=6 (full 0):
 PSYoungGen      total 18944K, used 18936K [0x00000000eb180000, 0x00000000ed980000, 0x0000000100000000)
  eden space 16384K, 100% used [0x00000000eb180000,0x00000000ec180000,0x00000000ec180000)
  from space 2560K, 99% used [0x00000000ec180000,0x00000000ec3fe2c8,0x00000000ec400000)
  to   space 4096K, 0% used [0x00000000ed580000,0x00000000ed580000,0x00000000ed980000)
 ParOldGen       total 44032K, used 1877K [0x00000000c1400000, 0x00000000c3f00000, 0x00000000eb180000)
  object space 44032K, 4% used [0x00000000c1400000,0x00000000c15d55f8,0x00000000c3f00000)
 Metaspace       used 12187K, capacity 12508K, committed 12672K, reserved 1060864K
  class space    used 1494K, capacity 1598K, committed 1664K, reserved 1048576K
Event: 2.559 GC heap after
Heap after GC invocations=6 (full 0):
 PSYoungGen      total 36352K, used 3825K [0x00000000eb180000, 0x00000000eda80000, 0x0000000100000000)
  eden space 32256K, 0% used [0x00000000eb180000,0x00000000eb180000,0x00000000ed100000)
  from space 4096K, 93% used [0x00000000ed580000,0x00000000ed93c4e8,0x00000000ed980000)
  to   space 4608K, 0% used [0x00000000ed100000,0x00000000ed100000,0x00000000ed580000)
 ParOldGen       total 44032K, used 1885K [0x00000000c1400000, 0x00000000c3f00000, 0x00000000eb180000)
  object space 44032K, 4% used [0x00000000c1400000,0x00000000c15d75f8,0x00000000c3f00000)
 Metaspace       used 12187K, capacity 12508K, committed 12672K, reserved 1060864K
  class space    used 1494K, capacity 1598K, committed 1664K, reserved 1048576K
}
Event: 2.866 GC heap before
{Heap before GC invocations=7 (full 0):
 PSYoungGen      total 36352K, used 36081K [0x00000000eb180000, 0x00000000eda80000, 0x0000000100000000)
  eden space 32256K, 100% used [0x00000000eb180000,0x00000000ed100000,0x00000000ed100000)
  from space 4096K, 93% used [0x00000000ed580000,0x00000000ed93c4e8,0x00000000ed980000)
  to   space 4608K, 0% used [0x00000000ed100000,0x00000000ed100000,0x00000000ed580000)
 ParOldGen       total 44032K, used 1885K [0x00000000c1400000, 0x00000000c3f00000, 0x00000000eb180000)
  object space 44032K, 4% used [0x00000000c1400000,0x00000000c15d75f8,0x00000000c3f00000)
 Metaspace       used 14355K, capacity 14760K, committed 15104K, reserved 1062912K
  class space    used 1872K, capacity 1998K, committed 2048K, reserved 1048576K
Event: 2.878 GC heap after
Heap after GC invocations=7 (full 0):
 PSYoungGen      total 36864K, used 3964K [0x00000000eb180000, 0x00000000efa80000, 0x0000000100000000)
  eden space 32256K, 0% used [0x00000000eb180000,0x00000000eb180000,0x00000000ed100000)
  from space 4608K, 86% used [0x00000000ed100000,0x00000000ed4df198,0x00000000ed580000)
  to   space 5120K, 0% used [0x00000000ef580000,0x00000000ef580000,0x00000000efa80000)
 ParOldGen       total 44032K, used 3680K [0x00000000c1400000, 0x00000000c3f00000, 0x00000000eb180000)
  object space 44032K, 8% used [0x00000000c1400000,0x00000000c1798118,0x00000000c3f00000)
 Metaspace       used 14355K, capacity 14760K, committed 15104K, reserved 1062912K
  class space    used 1872K, capacity 1998K, committed 2048K, reserved 1048576K
}
Event: 3.227 GC heap before
{Heap before GC invocations=8 (full 0):
 PSYoungGen      total 36864K, used 36220K [0x00000000eb180000, 0x00000000efa80000, 0x0000000100000000)
  eden space 32256K, 100% used [0x00000000eb180000,0x00000000ed100000,0x00000000ed100000)
  from space 4608K, 86% used [0x00000000ed100000,0x00000000ed4df198,0x00000000ed580000)
  to   space 5120K, 0% used [0x00000000ef580000,0x00000000ef580000,0x00000000efa80000)
 ParOldGen       total 44032K, used 3680K [0x00000000c1400000, 0x00000000c3f00000, 0x00000000eb180000)
  object space 44032K, 8% used [0x00000000c1400000,0x00000000c1798118,0x00000000c3f00000)
 Metaspace       used 17913K, capacity 18376K, committed 18688K, reserved 1064960K
  class space    used 2290K, capacity 2454K, committed 2560K, reserved 1048576K
Event: 3.240 GC heap after
Heap after GC invocations=8 (full 0):
 PSYoungGen      total 69120K, used 5088K [0x00000000eb180000, 0x00000000efb80000, 0x0000000100000000)
  eden space 64000K, 0% used [0x00000000eb180000,0x00000000eb180000,0x00000000ef000000)
  from space 5120K, 99% used [0x00000000ef580000,0x00000000efa78228,0x00000000efa80000)
  to   space 5632K, 0% used [0x00000000ef000000,0x00000000ef000000,0x00000000ef580000)
 ParOldGen       total 44032K, used 3827K [0x00000000c1400000, 0x00000000c3f00000, 0x00000000eb180000)
  object space 44032K, 8% used [0x00000000c1400000,0x00000000c17bccd0,0x00000000c3f00000)
 Metaspace       used 17913K, capacity 18376K, committed 18688K, reserved 1064960K
  class space    used 2290K, capacity 2454K, committed 2560K, reserved 1048576K
}
Event: 3.879 GC heap before
{Heap before GC invocations=9 (full 0):
 PSYoungGen      total 69120K, used 33801K [0x00000000eb180000, 0x00000000efb80000, 0x0000000100000000)
  eden space 64000K, 44% used [0x00000000eb180000,0x00000000ecd8a300,0x00000000ef000000)
  from space 5120K, 99% used [0x00000000ef580000,0x00000000efa78228,0x00000000efa80000)
  to   space 5632K, 0% used [0x00000000ef000000,0x00000000ef000000,0x00000000ef580000)
 ParOldGen       total 44032K, used 3827K [0x00000000c1400000, 0x00000000c3f00000, 0x00000000eb180000)
  object space 44032K, 8% used [0x00000000c1400000,0x00000000c17bccd0,0x00000000c3f00000)
 Metaspace       used 20606K, capacity 21112K, committed 21296K, reserved 1069056K
  class space    used 2644K, capacity 2812K, committed 2864K, reserved 1048576K
Event: 3.905 GC heap after
Heap after GC invocations=9 (full 0):
 PSYoungGen      total 69632K, used 4547K [0x00000000eb180000, 0x00000000f2180000, 0x0000000100000000)
  eden space 64000K, 0% used [0x00000000eb180000,0x00000000eb180000,0x00000000ef000000)
  from space 5632K, 80% used [0x00000000ef000000,0x00000000ef470f88,0x00000000ef580000)
  to   space 6144K, 0% used [0x00000000f1b80000,0x00000000f1b80000,0x00000000f2180000)
 ParOldGen       total 44032K, used 4733K [0x00000000c1400000, 0x00000000c3f00000, 0x00000000eb180000)
  object space 44032K, 10% used [0x00000000c1400000,0x00000000c189f688,0x00000000c3f00000)
 Metaspace       used 20606K, capacity 21112K, committed 21296K, reserved 1069056K
  class space    used 2644K, capacity 2812K, committed 2864K, reserved 1048576K
}
Event: 3.905 GC heap before
{Heap before GC invocations=10 (full 1):
 PSYoungGen      total 69632K, used 4547K [0x00000000eb180000, 0x00000000f2180000, 0x0000000100000000)
  eden space 64000K, 0% used [0x00000000eb180000,0x00000000eb180000,0x00000000ef000000)
  from space 5632K, 80% used [0x00000000ef000000,0x00000000ef470f88,0x00000000ef580000)
  to   space 6144K, 0% used [0x00000000f1b80000,0x00000000f1b80000,0x00000000f2180000)
 ParOldGen       total 44032K, used 4733K [0x00000000c1400000, 0x00000000c3f00000, 0x00000000eb180000)
  object space 44032K, 10% used [0x00000000c1400000,0x00000000c189f688,0x00000000c3f00000)
 Metaspace       used 20606K, capacity 21112K, committed 21296K, reserved 1069056K
  class space    used 2644K, capacity 2812K, committed 2864K, reserved 1048576K
Event: 3.981 GC heap after
Heap after GC invocations=10 (full 1):
 PSYoungGen      total 69632K, used 0K [0x00000000eb180000, 0x00000000f2180000, 0x0000000100000000)
  eden space 64000K, 0% used [0x00000000eb180000,0x00000000eb180000,0x00000000ef000000)
  from space 5632K, 0% used [0x00000000ef000000,0x00000000ef000000,0x00000000ef580000)
  to   space 6144K, 0% used [0x00000000f1b80000,0x00000000f1b80000,0x00000000f2180000)
 ParOldGen       total 30208K, used 7025K [0x00000000c1400000, 0x00000000c3180000, 0x00000000eb180000)
  object space 30208K, 23% used [0x00000000c1400000,0x00000000c1adc618,0x00000000c3180000)
 Metaspace       used 20604K, capacity 21106K, committed 21296K, reserved 1069056K
  class space    used 2643K, capacity 2811K, committed 2864K, reserved 1048576K
}

