# JRE version: Java(TM) SE Runtime Environment (8.0_191-b12) (build 1.8.0_191-b12)
# Java VM: Java HotSpot(TM) 64-Bit Server VM (25.191-b12 mixed mode windows-amd64 compressed oops)
Heap:
 PSYoungGen      total 70656K, used 32761K [0x00000000eb180000, 0x00000000efd80000, 0x0000000100000000)
  eden space 64512K, 50% used [0x00000000eb180000,0x00000000ed17e528,0x00000000ef080000)
  from space 6144K, 0% used [0x00000000ef080000,0x00000000ef080000,0x00000000ef680000)
  to   space 5120K, 0% used [0x00000000ef680000,0x00000000ef680000,0x00000000efb80000)
 ParOldGen       total 32256K, used 10009K [0x00000000c1400000, 0x00000000c3380000, 0x00000000eb180000)
  object space 32256K, 31% used [0x00000000c1400000,0x00000000c1dc6720,0x00000000c3380000)
 Metaspace       used 23757K, capacity 24412K, committed 24576K, reserved 1071104K
  class space    used 3033K, capacity 3242K, committed 3328K, reserved 1048576K
GC Heap History (10 events):
Event: 5.219 GC heap before
{Heap before GC invocations=4 (full 0):
 PSYoungGen      total 18944K, used 18433K [0x00000000eb180000, 0x00000000ed680000, 0x0000000100000000)
  eden space 16384K, 100% used [0x00000000eb180000,0x00000000ec180000,0x00000000ec180000)
  from space 2560K, 80% used [0x00000000ec180000,0x00000000ec3804f8,0x00000000ec400000)
  to   space 2560K, 0% used [0x00000000ed400000,0x00000000ed400000,0x00000000ed680000)
 ParOldGen       total 44032K, used 568K [0x00000000c1400000, 0x00000000c3f00000, 0x00000000eb180000)
  object space 44032K, 1% used [0x00000000c1400000,0x00000000c148e158,0x00000000c3f00000)
 Metaspace       used 8208K, capacity 8394K, committed 8576K, reserved 1056768K
  class space    used 967K, capacity 1072K, committed 1152K, reserved 1048576K
Event: 5.260 GC heap after
Heap after GC invocations=4 (full 0):
 PSYoungGen      total 35328K, used 2542K [0x00000000eb180000, 0x00000000ed680000, 0x0000000100000000)
  eden space 32768K, 0% used [0x00000000eb180000,0x00000000eb180000,0x00000000ed180000)
  from space 2560K, 99% used [0x00000000ed400000,0x00000000ed67b8e8,0x00000000ed680000)
  to   space 2560K, 0% used [0x00000000ed180000,0x00000000ed180000,0x00000000ed400000)
 ParOldGen       total 44032K, used 855K [0x00000000c1400000, 0x00000000c3f00000, 0x00000000eb180000)
  object space 44032K, 1% used [0x00000000c1400000,0x00000000c14d5f38,0x00000000c3f00000)
 Metaspace       used 8208K, capacity 8394K, committed 8576K, reserved 1056768K
  class space    used 967K, capacity 1072K, committed 1152K, reserved 1048576K
}
Event: 7.420 GC heap before
{Heap before GC invocations=5 (full 0):
 PSYoungGen      total 35328K, used 35310K [0x00000000eb180000, 0x00000000ed680000, 0x0000000100000000)
  eden space 32768K, 100% used [0x00000000eb180000,0x00000000ed180000,0x00000000ed180000)
  from space 2560K, 99% used [0x00000000ed400000,0x00000000ed67b8e8,0x00000000ed680000)
  to   space 2560K, 0% used [0x00000000ed180000,0x00000000ed180000,0x00000000ed400000)
 ParOldGen       total 44032K, used 855K [0x00000000c1400000, 0x00000000c3f00000, 0x00000000eb180000)
  object space 44032K, 1% used [0x00000000c1400000,0x00000000c14d5f38,0x00000000c3f00000)
 Metaspace       used 12131K, capacity 12508K, committed 12672K, reserved 1060864K
  class space    used 1489K, capacity 1598K, committed 1664K, reserved 1048576K
Event: 7.442 GC heap after
Heap after GC invocations=5 (full 0):
 PSYoungGen      total 35328K, used 2537K [0x00000000eb180000, 0x00000000efb80000, 0x0000000100000000)
  eden space 32768K, 0% used [0x00000000eb180000,0x00000000eb180000,0x00000000ed180000)
  from space 2560K, 99% used [0x00000000ed180000,0x00000000ed3fa5d0,0x00000000ed400000)
  to   space 5120K, 0% used [0x00000000ef680000,0x00000000ef680000,0x00000000efb80000)
 ParOldGen       total 44032K, used 3379K [0x00000000c1400000, 0x00000000c3f00000, 0x00000000eb180000)
  object space 44032K, 7% used [0x00000000c1400000,0x00000000c174cdb0,0x00000000c3f00000)
 Metaspace       used 12131K, capacity 12508K, committed 12672K, reserved 1060864K
  class space    used 1489K, capacity 1598K, committed 1664K, reserved 1048576K
}
Event: 8.489 GC heap before
{Heap before GC invocations=6 (full 0):
 PSYoungGen      total 35328K, used 35305K [0x00000000eb180000, 0x00000000efb80000, 0x0000000100000000)
  eden space 32768K, 100% used [0x00000000eb180000,0x00000000ed180000,0x00000000ed180000)
  from space 2560K, 99% used [0x00000000ed180000,0x00000000ed3fa5d0,0x00000000ed400000)
  to   space 5120K, 0% used [0x00000000ef680000,0x00000000ef680000,0x00000000efb80000)
 ParOldGen       total 44032K, used 3379K [0x00000000c1400000, 0x00000000c3f00000, 0x00000000eb180000)
  object space 44032K, 7% used [0x00000000c1400000,0x00000000c174cdb0,0x00000000c3f00000)
 Metaspace       used 14394K, capacity 14750K, committed 14848K, reserved 1062912K
  class space    used 1881K, capacity 1997K, committed 2048K, reserved 1048576K
Event: 8.500 GC heap after
Heap after GC invocations=6 (full 0):
 PSYoungGen      total 69632K, used 5094K [0x00000000eb180000, 0x00000000efd80000, 0x0000000100000000)
  eden space 64512K, 0% used [0x00000000eb180000,0x00000000eb180000,0x00000000ef080000)
  from space 5120K, 99% used [0x00000000ef680000,0x00000000efb799b0,0x00000000efb80000)
  to   space 6144K, 0% used [0x00000000ef080000,0x00000000ef080000,0x00000000ef680000)
 ParOldGen       total 44032K, used 3697K [0x00000000c1400000, 0x00000000c3f00000, 0x00000000eb180000)
  object space 44032K, 8% used [0x00000000c1400000,0x00000000c179c4a0,0x00000000c3f00000)
 Metaspace       used 14394K, capacity 14750K, committed 14848K, reserved 1062912K
  class space    used 1881K, capacity 1997K, committed 2048K, reserved 1048576K
}
Event: 10.032 GC heap before
{Heap before GC invocations=7 (full 0):
 PSYoungGen      total 69632K, used 66288K [0x00000000eb180000, 0x00000000efd80000, 0x0000000100000000)
  eden space 64512K, 94% used [0x00000000eb180000,0x00000000eed426c8,0x00000000ef080000)
  from space 5120K, 99% used [0x00000000ef680000,0x00000000efb799b0,0x00000000efb80000)
  to   space 6144K, 0% used [0x00000000ef080000,0x00000000ef080000,0x00000000ef680000)
 ParOldGen       total 44032K, used 3697K [0x00000000c1400000, 0x00000000c3f00000, 0x00000000eb180000)
  object space 44032K, 8% used [0x00000000c1400000,0x00000000c179c4a0,0x00000000c3f00000)
 Metaspace       used 20680K, capacity 21186K, committed 21248K, reserved 1067008K
  class space    used 2652K, capacity 2815K, committed 2816K, reserved 1048576K
Event: 10.059 GC heap after
Heap after GC invocations=7 (full 0):
 PSYoungGen      total 70656K, used 6135K [0x00000000eb180000, 0x00000000efd80000, 0x0000000100000000)
  eden space 64512K, 0% used [0x00000000eb180000,0x00000000eb180000,0x00000000ef080000)
  from space 6144K, 99% used [0x00000000ef080000,0x00000000ef67df90,0x00000000ef680000)
  to   space 5120K, 0% used [0x00000000ef680000,0x00000000ef680000,0x00000000efb80000)
 ParOldGen       total 44032K, used 7346K [0x00000000c1400000, 0x00000000c3f00000, 0x00000000eb180000)
  object space 44032K, 16% used [0x00000000c1400000,0x00000000c1b2cb60,0x00000000c3f00000)
 Metaspace       used 20680K, capacity 21186K, committed 21248K, reserved 1067008K
  class space    used 2652K, capacity 2815K, committed 2816K, reserved 1048576K
}
Event: 10.059 GC heap before
{Heap before GC invocations=8 (full 1):
 PSYoungGen      total 70656K, used 6135K [0x00000000eb180000, 0x00000000efd80000, 0x0000000100000000)
  eden space 64512K, 0% used [0x00000000eb180000,0x00000000eb180000,0x00000000ef080000)
  from space 6144K, 99% used [0x00000000ef080000,0x00000000ef67df90,0x00000000ef680000)
  to   space 5120K, 0% used [0x00000000ef680000,0x00000000ef680000,0x00000000efb80000)
 ParOldGen       total 44032K, used 7346K [0x00000000c1400000, 0x00000000c3f00000, 0x00000000eb180000)
  object space 44032K, 16% used [0x00000000c1400000,0x00000000c1b2cb60,0x00000000c3f00000)
 Metaspace       used 20680K, capacity 21186K, committed 21248K, reserved 1067008K
  class space    used 2652K, capacity 2815K, committed 2816K, reserved 1048576K
Event: 10.154 GC heap after
Heap after GC invocations=8 (full 1):
 PSYoungGen      total 70656K, used 0K [0x00000000eb180000, 0x00000000efd80000, 0x0000000100000000)
  eden space 64512K, 0% used [0x00000000eb180000,0x00000000eb180000,0x00000000ef080000)
  from space 6144K, 0% used [0x00000000ef080000,0x00000000ef080000,0x00000000ef680000)
  to   space 5120K, 0% used [0x00000000ef680000,0x00000000ef680000,0x00000000efb80000)
 ParOldGen       total 32256K, used 10009K [0x00000000c1400000, 0x00000000c3380000, 0x00000000eb180000)
  object space 32256K, 31% used [0x00000000c1400000,0x00000000c1dc6720,0x00000000c3380000)
 Metaspace       used 20680K, capacity 21186K, committed 21248K, reserved 1067008K
  class space    used 2652K, capacity 2815K, committed 2816K, reserved 1048576K
}

